<?xml version="1.0" encoding="UTF-8"?>
<!-- Generated by org.testng.reporters.JUnitXMLReporter -->
<testsuite hostname="DESKTOP-SDHJL4S" ignored="0" name="Niki-Android_App_English" tests="10" failures="0" timestamp="31 Aug 2019 14:19:51 GMT" time="105.029" errors="0">
  <testcase name="verifyHomePage" time="4.972" classname="com.Niki_Old.TestCases.Login"/>
  <testcase name="verifyLanguageLelection" time="2.924" classname="com.Niki_Old.TestCases.Login"/>
  <testcase name="verifyTextBoxEditable" time="14.093" classname="com.Niki_Old.TestCases.Login"/>
  <testcase name="verifyValidPhoneNumberEntry" time="11.687" classname="com.Niki_Old.TestCases.Login"/>
  <testcase name="verifySubmitBtnEnable" time="0.556" classname="com.Niki_Old.TestCases.Login"/>
  <testcase name="verifyClickSubmitBtn" time="0.202" classname="com.Niki_Old.TestCases.Login"/>
  <testcase name="verifyOTPEnterPageHeader" time="2.54" classname="com.Niki_Old.TestCases.Login"/>
  <testcase name="verifyGetOtpCallBtn" time="35.093" classname="com.Niki_Old.TestCases.Login"/>
  <testcase name="verifyCallingYou" time="0.859" classname="com.Niki_Old.TestCases.Login"/>
  <testcase name="verifyTroubleSignLink" time="10.731" classname="com.Niki_Old.TestCases.Login"/>
</testsuite> <!-- Niki-Android_App_English -->
