<?xml version="1.0" encoding="UTF-8"?>
<!-- Generated by org.testng.reporters.JUnitXMLReporter -->
<testsuite hostname="DESKTOP-SDHJL4S" ignored="0" name="Default test" tests="11" failures="0" timestamp="03 Sep 2019 05:44:07 GMT" time="120.849" errors="0">
  <testcase name="verifyHomePage" time="5.192" classname="com.Niki_Old.TestCases.Login"/>
  <testcase name="verifyLanguageLelection" time="2.864" classname="com.Niki_Old.TestCases.Login"/>
  <testcase name="verifyTextBoxEditable" time="24.618" classname="com.Niki_Old.TestCases.Login"/>
  <testcase name="verifyValidPhoneNumberEntry" time="11.74" classname="com.Niki_Old.TestCases.Login"/>
  <testcase name="verifySubmitBtnEnable" time="0.568" classname="com.Niki_Old.TestCases.Login"/>
  <testcase name="verifyClickSubmitBtn" time="0.19" classname="com.Niki_Old.TestCases.Login"/>
  <testcase name="verifyOTPEnterPageHeader" time="1.819" classname="com.Niki_Old.TestCases.Login"/>
  <testcase name="verifyGetOtpCallBtn" time="35.094" classname="com.Niki_Old.TestCases.Login"/>
  <testcase name="verifyCallingYou" time="0.864" classname="com.Niki_Old.TestCases.Login"/>
  <testcase name="verifyTroubleSignLink" time="9.064" classname="com.Niki_Old.TestCases.Login"/>
  <testcase name="verifyWrongOTP" time="5.669" classname="com.Niki_Old.TestCases.Login"/>
</testsuite> <!-- Default test -->
